<?xml version="1.0" encoding="UTF-8"?>
<testsuite xmlns:xsi="http://www.w3.org/2001/XMLSchema-instance" xsi:noNamespaceSchemaLocation="https://maven.apache.org/surefire/maven-surefire-plugin/xsd/surefire-test-report.xsd" name="yaksha.TestMainClass" time="0.044" tests="3" errors="0" skipped="0" failures="0">
  <properties>
[...]
</properties>
  <testcase name="testGraph" classname="yaksha.TestMainClass" time="0.025"/>
  <testcase name="testExceptionConditon" classname="yaksha.TestMainClass" time="0.003"/>
  <testcase name="testBoundaryCondition" classname="yaksha.TestMainClass" time="0.004"/>
</testsuite>